Flutter crash report.
Please report a bug at https://github.com/flutter/flutter/issues.

## command

flutter run -d chrome --web-renderer html

## exception

FileSystemException: FileSystemException: Creation failed, path = 'build/flutter_assets/assets/new_data/64.%207.9%EC%96%B5%ED%9A%8C%EC%9D%98%20%EA%B7%B8%20%EB%9D%B5%EA%B3%A1%20%5B%20Lemon%20-%20%EC%9A%94%EB%84%A4%EC%A6%88%EC%BC%84%EC%8B%9C(%E7%B1%B3%E6%B4%A5%E7%8E%84%E5%B8%AB)%20%5D%20%EA%B8%B0%ED%83%80%20Guitar%20tutorial%20%E3%82%AE%E3%82%BF%E3%83%BC%20%E5%BC%BE%E3%81%84%E3%81%A6%E3%81%BF%E3%81%9F%20TAB%E8%AD%9C.mp3' (OS Error: File name too long, errno = 63)

```
#0      _Directory.createSync (dart:io/directory_impl.dart:124:7)
#1      ForwardingDirectory.createSync (package:file/src/forwarding/forwarding_directory.dart:20:16)
#2      ErrorHandlingDirectory.createSync.<anonymous closure> (package:flutter_tools/src/base/error_handling_io.dart:439:22)
#3      _runSync (package:flutter_tools/src/base/error_handling_io.dart:600:14)
#4      ErrorHandlingDirectory.createSync (package:flutter_tools/src/base/error_handling_io.dart:438:12)
#5      writeBundle.<anonymous closure> (package:flutter_tools/src/bundle_builder.dart:197:21)
<asynchronous suspension>
#6      Future.wait.<anonymous closure> (dart:async/future.dart:534:21)
<asynchronous suspension>
#7      writeBundle (package:flutter_tools/src/bundle_builder.dart:187:3)
<asynchronous suspension>
#8      WebDevFS.update (package:flutter_tools/src/isolated/devfs_web.dart:1005:9)
<asynchronous suspension>
#9      ResidentWebRunner._updateDevFS (package:flutter_tools/src/isolated/resident_web_runner.dart:583:35)
<asynchronous suspension>
#10     ResidentWebRunner.run.<anonymous closure> (package:flutter_tools/src/isolated/resident_web_runner.dart:334:41)
<asynchronous suspension>
#11     asyncGuard.<anonymous closure> (package:flutter_tools/src/base/async_guard.dart:111:24)
<asynchronous suspension>
```

## flutter doctor

```
[32m[✓][39m Flutter (Channel stable, 3.24.4, on macOS 15.3.2 24D81 darwin-arm64, locale ko-KR)
    [32m•[39m Flutter version 3.24.4 on channel stable at /Users/jeonseonghyeon/dev/flutter
    [32m•[39m Upstream repository https://github.com/flutter/flutter.git
    [32m•[39m Framework revision 603104015d (5 months ago), 2024-10-24 08:01:25 -0700
    [32m•[39m Engine revision db49896cf2
    [32m•[39m Dart version 3.5.4
    [32m•[39m DevTools version 2.37.3

[32m[✓][39m Android toolchain - develop for Android devices (Android SDK version 35.0.1)
    [32m•[39m Android SDK at /Users/jeonseonghyeon/Library/Android/sdk
    [32m•[39m Platform android-35, build-tools 35.0.1
    [32m•[39m Java binary at: /Applications/Android Studio.app/Contents/jbr/Contents/Home/bin/java
    [32m•[39m Java version OpenJDK Runtime Environment (build 21.0.4+-12422083-b607.1)
    [32m•[39m All Android licenses accepted.

[32m[✓][39m Xcode - develop for iOS and macOS (Xcode 16.2)
    [32m•[39m Xcode at /Applications/Xcode.app/Contents/Developer
    [32m•[39m Build 16C5032a
    [32m•[39m CocoaPods version 1.16.2

[32m[✓][39m Chrome - develop for the web
    [32m•[39m Chrome at /Applications/Google Chrome.app/Contents/MacOS/Google Chrome

[32m[✓][39m Android Studio (version 2024.2)
    [32m•[39m Android Studio at /Applications/Android Studio.app/Contents
    [32m•[39m Flutter plugin can be installed from:
      🔨 https://plugins.jetbrains.com/plugin/9212-flutter
    [32m•[39m Dart plugin can be installed from:
      🔨 https://plugins.jetbrains.com/plugin/6351-dart
    [32m•[39m Java version OpenJDK Runtime Environment (build 21.0.4+-12422083-b607.1)

[32m[✓][39m VS Code (version 1.98.2)
    [32m•[39m VS Code at /Applications/Visual Studio Code.app/Contents
    [32m•[39m Flutter extension version 3.106.0

[32m[✓][39m VS Code (version 1.99.0-insider)
    [32m•[39m VS Code at /Applications/Visual Studio Code - Insiders.app/Contents
    [32m•[39m Flutter extension can be installed from:
      🔨 https://marketplace.visualstudio.com/items?itemName=Dart-Code.flutter

[32m[✓][39m Connected device (5 available)
    [32m•[39m 전성현의 iPhone (mobile)            • 00008130-001A104E0C42001C            • ios            • iOS 18.3.2 22D82
    [32m•[39m iPhone 16 Pro (mobile)          • 5533A6B2-6CE0-4354-BD43-F3665DFFF2B0 • ios            • com.apple.CoreSimulator.SimRuntime.iOS-18-3 (simulator)
    [32m•[39m macOS (desktop)                 • macos                                • darwin-arm64   • macOS 15.3.2 24D81 darwin-arm64
    [32m•[39m Mac Designed for iPad (desktop) • mac-designed-for-ipad                • darwin         • macOS 15.3.2 24D81 darwin-arm64
    [32m•[39m Chrome (web)                    • chrome                               • web-javascript • Google Chrome 134.0.6998.166

[32m[✓][39m Network resources
    [32m•[39m All expected network resources are available.

[32m•[39m No issues found!
```
